14 Jan 2015 | 14:17:01,367 | INFO  | main | smartfoxserver.v2.SmartFoxServer |     | Boot sequence starts...
14 Jan 2015 | 14:17:01,377 | INFO  | main | smartfoxserver.v2.SmartFoxServer |     | 
 _____ _____ _____    ___ __ __    _____ _____ _____ _____ 
|   __|   __|   __|  |_  |  |  |  | __  |     |     |_   _|
|__   |   __|__   |  |  _|-   -|  | __ -|  |  |  |  | | |  
|_____|__|  |_____|  |___|__|__|  |_____|_____|_____| |_|

14 Jan 2015 | 14:17:02,088 | INFO  | main | smartfoxserver.v2.SmartFoxServer |     | License code not found, starting Community Edition license
14 Jan 2015 | 14:17:02,088 | INFO  | main | v2.core.SFSEventManager |     | AnonymousService-1 initalized
14 Jan 2015 | 14:17:02,108 | INFO  | main | vfs.impl.DefaultFileReplicator |     | Using "C:\Users\ToanTran\AppData\Local\Temp\vfs_cache" as temporary files store.
14 Jan 2015 | 14:17:02,178 | INFO  | main | smartfoxserver.v2.SmartFoxServer |     | License loaded:

===================================
LICENSE DETAILS
-----------------------------------
Type            : Community Edition
Max users       : 100
===================================

14 Jan 2015 | 14:17:02,178 | INFO  | main | entities.managers.SFSBannedUserStorage |     | BanUserStorage initialized
14 Jan 2015 | 14:17:02,178 | INFO  | main | entities.managers.SFSBannedUserManager |     | No BannedUser data available, starting with a clean DB.
14 Jan 2015 | 14:17:02,188 | INFO  | main | smartfoxserver.v2.SmartFoxServer |     | Protocol Type is: BINARY
14 Jan 2015 | 14:17:02,188 | INFO  | main | v2.config.SFSConfigurator |     | Loading: zones\BasicExamples.zone.xml
14 Jan 2015 | 14:17:02,228 | INFO  | main | entities.managers.SFSZoneManager |     | 

::::::::::::::::::::::::::::::::::::::::::::::::::::::::::::::::::::::::::::::
 >> Zone: BasicExamples 
::::::::::::::::::::::::::::::::::::::::::::::::::::::::::::::::::::::::::::::

14 Jan 2015 | 14:17:02,258 | INFO  | main | entities.managers.SFSRoomManager |     | Room created: { Zone: BasicExamples }, [ Room: The Lobby, Id: 0, Group: default, isGame: false ]
14 Jan 2015 | 14:17:02,448 | INFO  | main | entities.managers.SFSRoomManager |     | Room created: { Zone: --=={{{ AdminZone }}}==-- }, [ Room: AdminRoom, Id: 1, Group: default, isGame: false ]
14 Jan 2015 | 14:17:02,448 | INFO  | main | v2.core.AdminToolService |     | AdminTool Service started
14 Jan 2015 | 14:17:06,162 | INFO  | main | v2.http.SFSHttpServer |     | Http Server started.
14 Jan 2015 | 14:17:06,372 | INFO  | main | smartfoxserver.v2.SmartFoxServer |     | Listening Sockets: { 127.0.0.1:9933, (Tcp) } { 127.0.0.1:9933, (Udp) } 
14 Jan 2015 | 14:17:06,372 | INFO  | main | smartfoxserver.v2.SmartFoxServer |     |  
 _____ _____ _____    ___ __ __ 
|   __|   __|   __|  |_  |  |  |
|__   |   __|__   |  |  _|-   -|
|_____|__|  |_____|  |___|__|__|                                         
 _____ _____ _____ ____  __ __ 
| __  |   __|  _  |    \|  |  |
|    -|   __|     |  |  |_   _|
|__|__|_____|__|__|____/  |_|  
[ 2.8.5 ] 

14 Jan 2015 | 14:17:06,372 | INFO  | main | smartfoxserver.v2.SmartFoxServer |     | SmartFoxServer 2X (2.8.5) READY!
14 Jan 2015 | 14:17:35,495 | INFO  | Thread-0 | entities.managers.SFSZoneManager |     | BuddyList saveAll...
14 Jan 2015 | 14:32:34,863 | INFO  | main | smartfoxserver.v2.SmartFoxServer |     | Boot sequence starts...
14 Jan 2015 | 14:32:34,873 | INFO  | main | smartfoxserver.v2.SmartFoxServer |     | 
 _____ _____ _____    ___ __ __    _____ _____ _____ _____ 
|   __|   __|   __|  |_  |  |  |  | __  |     |     |_   _|
|__   |   __|__   |  |  _|-   -|  | __ -|  |  |  |  | | |  
|_____|__|  |_____|  |___|__|__|  |_____|_____|_____| |_|

14 Jan 2015 | 14:32:35,728 | INFO  | main | v2.core.SFSEventManager |     | AnonymousService-1 initalized
14 Jan 2015 | 14:32:35,745 | INFO  | main | vfs.impl.DefaultFileReplicator |     | Using "C:\Users\ToanTran\AppData\Local\Temp\vfs_cache" as temporary files store.
14 Jan 2015 | 14:32:35,813 | INFO  | main | smartfoxserver.v2.SmartFoxServer |     | License loaded:

===================================
LICENSE DETAILS
-----------------------------------
Type            : Retail
Max users       : Unlimited
===================================

14 Jan 2015 | 14:32:35,814 | INFO  | main | entities.managers.SFSBannedUserStorage |     | BanUserStorage initialized
14 Jan 2015 | 14:32:35,904 | WARN  | main | entities.managers.SFSBannedUserManager |     | Failure loading the BannedUser DB: java.io.EOFException
14 Jan 2015 | 14:32:35,925 | INFO  | main | smartfoxserver.v2.SmartFoxServer |     | Protocol Type is: BINARY
14 Jan 2015 | 14:32:35,931 | INFO  | main | v2.config.SFSConfigurator |     | Loading: zones\BasicExamples.zone.xml
14 Jan 2015 | 14:32:35,970 | INFO  | main | entities.managers.SFSZoneManager |     | 

::::::::::::::::::::::::::::::::::::::::::::::::::::::::::::::::::::::::::::::
 >> Zone: BasicExamples 
::::::::::::::::::::::::::::::::::::::::::::::::::::::::::::::::::::::::::::::

14 Jan 2015 | 14:32:35,999 | INFO  | main | entities.managers.SFSRoomManager |     | Room created: { Zone: BasicExamples }, [ Room: The Lobby, Id: 0, Group: default, isGame: false ]
14 Jan 2015 | 14:32:36,199 | INFO  | main | entities.managers.SFSRoomManager |     | Room created: { Zone: --=={{{ AdminZone }}}==-- }, [ Room: AdminRoom, Id: 1, Group: default, isGame: false ]
14 Jan 2015 | 14:32:36,205 | INFO  | main | v2.core.AdminToolService |     | AdminTool Service started
14 Jan 2015 | 14:32:37,510 | INFO  | main | v2.http.SFSHttpServer |     | Http Server started.
14 Jan 2015 | 14:32:37,719 | INFO  | main | smartfoxserver.v2.SmartFoxServer |     | Listening Sockets: { 127.0.0.1:9933, (Tcp) } { 127.0.0.1:9933, (Udp) } 
14 Jan 2015 | 14:32:37,720 | INFO  | main | smartfoxserver.v2.SmartFoxServer |     |  
 _____ _____ _____    ___ __ __ 
|   __|   __|   __|  |_  |  |  |
|__   |   __|__   |  |  _|-   -|
|_____|__|  |_____|  |___|__|__|                                         
 _____ _____ _____ ____  __ __ 
| __  |   __|  _  |    \|  |  |
|    -|   __|     |  |  |_   _|
|__|__|_____|__|__|____/  |_|  
[ 2.8.5 ] 

14 Jan 2015 | 14:32:37,722 | INFO  | main | smartfoxserver.v2.SmartFoxServer |     | SmartFoxServer 2X (2.8.5) READY!
14 Jan 2015 | 14:34:25,027 | INFO  | main | smartfoxserver.v2.SmartFoxServer |     | Boot sequence starts...
14 Jan 2015 | 14:34:25,036 | INFO  | main | smartfoxserver.v2.SmartFoxServer |     | 
 _____ _____ _____    ___ __ __    _____ _____ _____ _____ 
|   __|   __|   __|  |_  |  |  |  | __  |     |     |_   _|
|__   |   __|__   |  |  _|-   -|  | __ -|  |  |  |  | | |  
|_____|__|  |_____|  |___|__|__|  |_____|_____|_____| |_|

14 Jan 2015 | 14:34:25,820 | INFO  | main | v2.core.SFSEventManager |     | AnonymousService-1 initalized
14 Jan 2015 | 14:34:25,838 | INFO  | main | vfs.impl.DefaultFileReplicator |     | Using "C:\Users\ToanTran\AppData\Local\Temp\vfs_cache" as temporary files store.
14 Jan 2015 | 14:34:25,906 | INFO  | main | smartfoxserver.v2.SmartFoxServer |     | License loaded:

===================================
LICENSE DETAILS
-----------------------------------
Type            : Retail
Max users       : Unlimited
===================================

14 Jan 2015 | 14:34:25,908 | INFO  | main | entities.managers.SFSBannedUserStorage |     | BanUserStorage initialized
14 Jan 2015 | 14:34:25,909 | WARN  | main | entities.managers.SFSBannedUserManager |     | Failure loading the BannedUser DB: java.io.EOFException
14 Jan 2015 | 14:34:25,915 | INFO  | main | smartfoxserver.v2.SmartFoxServer |     | Protocol Type is: BINARY
14 Jan 2015 | 14:34:25,918 | INFO  | main | v2.config.SFSConfigurator |     | Loading: zones\BasicExamples.zone.xml
14 Jan 2015 | 14:34:25,957 | INFO  | main | entities.managers.SFSZoneManager |     | 

::::::::::::::::::::::::::::::::::::::::::::::::::::::::::::::::::::::::::::::
 >> Zone: BasicExamples 
::::::::::::::::::::::::::::::::::::::::::::::::::::::::::::::::::::::::::::::

14 Jan 2015 | 14:34:25,987 | INFO  | main | entities.managers.SFSRoomManager |     | Room created: { Zone: BasicExamples }, [ Room: The Lobby, Id: 0, Group: default, isGame: false ]
14 Jan 2015 | 14:34:26,173 | INFO  | main | entities.managers.SFSRoomManager |     | Room created: { Zone: --=={{{ AdminZone }}}==-- }, [ Room: AdminRoom, Id: 1, Group: default, isGame: false ]
14 Jan 2015 | 14:34:26,180 | INFO  | main | v2.core.AdminToolService |     | AdminTool Service started
14 Jan 2015 | 14:34:27,358 | INFO  | main | v2.http.SFSHttpServer |     | Http Server started.
14 Jan 2015 | 14:34:27,533 | INFO  | main | smartfoxserver.v2.SmartFoxServer |     | Listening Sockets: { 127.0.0.1:9933, (Tcp) } { 127.0.0.1:9933, (Udp) } 
14 Jan 2015 | 14:34:27,533 | INFO  | main | smartfoxserver.v2.SmartFoxServer |     |  
 _____ _____ _____    ___ __ __ 
|   __|   __|   __|  |_  |  |  |
|__   |   __|__   |  |  _|-   -|
|_____|__|  |_____|  |___|__|__|                                         
 _____ _____ _____ ____  __ __ 
| __  |   __|  _  |    \|  |  |
|    -|   __|     |  |  |_   _|
|__|__|_____|__|__|____/  |_|  
[ 2.8.5 ] 

14 Jan 2015 | 14:34:27,536 | INFO  | main | smartfoxserver.v2.SmartFoxServer |     | SmartFoxServer 2X (2.8.5) READY!
14 Jan 2015 | 14:36:12,580 | INFO  | SocketReader | bitswarm.sessions.DefaultSessionManager |     | Session created: { Id: 1, Type: DEFAULT, Logged: No, IP: 127.0.0.1:37077 } on Server port: 9933 <---> 37077
14 Jan 2015 | 14:36:12,595 | INFO  | SocketReader | bitswarm.sessions.DefaultSessionManager |     | Session removed: { Id: 1, Type: DEFAULT, Logged: No, IP: 127.0.0.1:37077 }
14 Jan 2015 | 14:36:12,606 | INFO  | SocketReader | bitswarm.sessions.DefaultSessionManager |     | Session created: { Id: 2, Type: DEFAULT, Logged: No, IP: 127.0.0.1:37078 } on Server port: 9933 <---> 37078
14 Jan 2015 | 14:36:12,709 | INFO  | pool-1-thread-3 | v2.api.SFSApi |     | User login: { Zone: --=={{{ AdminZone }}}==-- }, ( User Name: sfsadmin, Id: 0, Priv: 0, Sess: 127.0.0.1:37078 ) , Type: Flash PlugIn:WIN 16,0,0,235
14 Jan 2015 | 14:36:12,716 | INFO  | pool-1-thread-4 | v2.api.SFSApi |     | Room joined: [ Room: AdminRoom, Id: 1, Group: default, isGame: false ], { Zone: --=={{{ AdminZone }}}==-- }, ( User Name: sfsadmin, Id: 0, Priv: 0, Sess: 127.0.0.1:37078 ) , asSpect: false
14 Jan 2015 | 14:55:27,890 | INFO  | pool-2-thread-3 | util.stats.CCULoggerTask |     | CCU stats: { Zone: --=={{{ AdminZone }}}==-- }, CCU: 0/1
14 Jan 2015 | 14:55:27,890 | INFO  | pool-2-thread-3 | util.stats.CCULoggerTask |     | CCU stats: { Zone: BasicExamples }, CCU: 0/0
14 Jan 2015 | 14:55:27,891 | INFO  | pool-2-thread-3 | util.stats.CCULoggerTask |     | CCU stats: CCU: 0/1
