14 Jan 2015 | 14:17:06,162 | INFO  | main | bootLogger |     | SmartFoxServer 2X
14 Jan 2015 | 14:17:06,172 | INFO  | main | bootLogger |     | BitSwarmEngine version: 3.11.0 { main }
14 Jan 2015 | 14:17:06,172 | INFO  | main | bootLogger |     | System Info:
	Processor(s): 8
	VM Max. memory: 1901MB
	os.name: Windows 7
	os.arch: amd64
	os.version: 6.1
	java.version: 1.7.0_21
	java.vendor: Oracle Corporation
	java.vendor.url: http://java.oracle.com/
	java.vm.specification.version: 1.7
	java.vm.version: 23.21-b01
	java.vm.vendor: Oracle Corporation
	java.vm.name: Java HotSpot(TM) 64-Bit Server VM
	java.io.tmpdir: C:\Users\ToanTran\AppData\Local\Temp\
	Default charset: UTF-8

14 Jan 2015 | 14:17:06,342 | INFO  | main | bootLogger |     | Network Info:
	Card: Software Loopback Interface 1
		 ->127.0.0.1
		 ->0:0:0:0:0:0:0:1
	Card: WAN Miniport (SSTP)
	Card: WAN Miniport (L2TP)
	Card: WAN Miniport (PPTP)
	Card: WAN Miniport (PPPOE)
	Card: WAN Miniport (IPv6)
	Card: WAN Miniport (Network Monitor)
	Card: WAN Miniport (IP)
	Card: RAS Async Adapter
	Card: WAN Miniport (IKEv2)
	Card: Realtek PCIe GBE Family Controller
		 ->fe80:0:0:0:e0c0:44b7:c52b:8187%11
	Card: TP-LINK Wireless USB Adapter
		 ->192.168.0.117
		 ->fe80:0:0:0:2c6d:f9ef:5c43:95af%12
	Card: Teredo Tunneling Pseudo-Interface
	Card: Teredo Tunneling Pseudo-Interface
		 ->fe80:0:0:0:e0:0:0:0%14
	Card: Microsoft ISATAP Adapter #2
	Card: VirtualBox Host-Only Ethernet Adapter
		 ->192.168.56.1
		 ->fe80:0:0:0:b1ad:9292:229d:bd85%16
	Card: Realtek PCIe GBE Family Controller - VirtualBox Bridged Networking Driver Miniport
	Card: TP-LINK Wireless USB Adapter - VirtualBox Bridged Networking Driver Miniport
	Card: VMware Virtual Ethernet Adapter for VMnet1
		 ->192.168.150.1
		 ->fe80:0:0:0:18:e171:8d1d:f00a%19
	Card: VMware Virtual Ethernet Adapter for VMnet8
		 ->192.168.62.1
		 ->fe80:0:0:0:4558:74f:4c1d:7d37%20
	Card: Microsoft ISATAP Adapter #4
	Card: Microsoft ISATAP Adapter #5
		 ->fe80:0:0:0:0:5efe:c0a8:75%22
	Card: Microsoft ISATAP Adapter
	Card: Microsoft ISATAP Adapter #3
	Card: WAN Miniport (Network Monitor)-QoS Packet Scheduler-0000
	Card: WAN Miniport (IP)-QoS Packet Scheduler-0000
	Card: WAN Miniport (IPv6)-QoS Packet Scheduler-0000
	Card: VirtualBox Host-Only Ethernet Adapter-QoS Packet Scheduler-0000
	Card: VirtualBox Host-Only Ethernet Adapter-WFP LightWeight Filter-0000
	Card: Realtek PCIe GBE Family Controller - VirtualBox Bridged Networking Driver Miniport-QoS Packet Scheduler-0000
	Card: Realtek PCIe GBE Family Controller - VirtualBox Bridged Networking Driver Miniport-WFP LightWeight Filter-0000
	Card: TP-LINK Wireless USB Adapter-Virtual WiFi Filter Driver-0000
	Card: TP-LINK Wireless USB Adapter-Native WiFi Filter Driver-0000
	Card: TP-LINK Wireless USB Adapter - VirtualBox Bridged Networking Driver Miniport-QoS Packet Scheduler-0000
	Card: TP-LINK Wireless USB Adapter - VirtualBox Bridged Networking Driver Miniport-WFP LightWeight Filter-0000

14 Jan 2015 | 14:17:06,352 | INFO  | main | bootLogger |     | Session manager ready: com.smartfoxserver.bitswarm.sessions.DefaultSessionManager@2e123812
14 Jan 2015 | 14:17:06,352 | INFO  | main | bootLogger |     | TCP Selector opened
14 Jan 2015 | 14:17:06,362 | INFO  | main | bootLogger |     | UDP Selector opened
14 Jan 2015 | 14:17:06,362 | INFO  | main | bootLogger |     | AcceptSelector opened
14 Jan 2015 | 14:17:06,362 | INFO  | main | bootLogger |     | Added bound tcp socket --> 127.0.0.1:9933
14 Jan 2015 | 14:17:06,362 | INFO  | main | bootLogger |     | Added bound udp socket --> 127.0.0.1:9933
14 Jan 2015 | 14:17:06,372 | INFO  | main | bootLogger |     | Controller started: com.smartfoxserver.v2.controllers.SystemController -- Queue: 0/20000
14 Jan 2015 | 14:17:06,372 | INFO  | main | bootLogger |     | Controller started: com.smartfoxserver.v2.controllers.SmasherController -- Queue: 0/1000
14 Jan 2015 | 14:17:06,372 | INFO  | main | bootLogger |     | Controller started: com.smartfoxserver.v2.controllers.ExtensionController -- Queue: 0/20000
14 Jan 2015 | 14:17:06,372 | INFO  | main | bootLogger |     | IOHandler: com.smartfoxserver.v2.protocol.SFSIoHandler@738bbae9
14 Jan 2015 | 14:17:06,372 | INFO  | main | bootLogger |     | SocketReader started
14 Jan 2015 | 14:17:06,372 | INFO  | main | bootLogger |     | SocketAcceptor initialized
14 Jan 2015 | 14:17:06,372 | INFO  | main | bootLogger |     | Socket Writer started (pool size:3)
14 Jan 2015 | 14:17:06,372 | INFO  | main | bootLogger |     | DatagramReader started
14 Jan 2015 | 14:17:06,372 | INFO  | Scheduler1-thread-1 | bootLogger |     | Scheduler started: scheduler
14 Jan 2015 | 14:17:06,372 | INFO  | main | bootLogger |     | Security Manager started
14 Jan 2015 | 14:17:06,372 | INFO  | main | bootLogger |     | [[[ ===--- Boot sequence complete ---=== ]]]
14 Jan 2015 | 14:32:37,510 | INFO  | main | bootLogger |     | SmartFoxServer 2X
14 Jan 2015 | 14:32:37,512 | INFO  | main | bootLogger |     | BitSwarmEngine version: 3.11.0 { main }
14 Jan 2015 | 14:32:37,512 | INFO  | main | bootLogger |     | System Info:
	Processor(s): 8
	VM Max. memory: 1901MB
	os.name: Windows 7
	os.arch: amd64
	os.version: 6.1
	java.version: 1.7.0_21
	java.vendor: Oracle Corporation
	java.vendor.url: http://java.oracle.com/
	java.vm.specification.version: 1.7
	java.vm.version: 23.21-b01
	java.vm.vendor: Oracle Corporation
	java.vm.name: Java HotSpot(TM) 64-Bit Server VM
	java.io.tmpdir: C:\Users\ToanTran\AppData\Local\Temp\
	Default charset: UTF-8

14 Jan 2015 | 14:32:37,653 | INFO  | main | bootLogger |     | Network Info:
	Card: Software Loopback Interface 1
		 ->127.0.0.1
		 ->0:0:0:0:0:0:0:1
	Card: WAN Miniport (SSTP)
	Card: WAN Miniport (L2TP)
	Card: WAN Miniport (PPTP)
	Card: WAN Miniport (PPPOE)
	Card: WAN Miniport (IPv6)
	Card: WAN Miniport (Network Monitor)
	Card: WAN Miniport (IP)
	Card: RAS Async Adapter
	Card: WAN Miniport (IKEv2)
	Card: Realtek PCIe GBE Family Controller
		 ->fe80:0:0:0:e0c0:44b7:c52b:8187%11
	Card: TP-LINK Wireless USB Adapter
		 ->192.168.0.117
		 ->fe80:0:0:0:2c6d:f9ef:5c43:95af%12
	Card: Teredo Tunneling Pseudo-Interface
	Card: Teredo Tunneling Pseudo-Interface
		 ->fe80:0:0:0:e0:0:0:0%14
	Card: Microsoft ISATAP Adapter #2
	Card: VirtualBox Host-Only Ethernet Adapter
		 ->192.168.56.1
		 ->fe80:0:0:0:b1ad:9292:229d:bd85%16
	Card: Realtek PCIe GBE Family Controller - VirtualBox Bridged Networking Driver Miniport
	Card: TP-LINK Wireless USB Adapter - VirtualBox Bridged Networking Driver Miniport
	Card: VMware Virtual Ethernet Adapter for VMnet1
		 ->192.168.150.1
		 ->fe80:0:0:0:18:e171:8d1d:f00a%19
	Card: VMware Virtual Ethernet Adapter for VMnet8
		 ->192.168.62.1
		 ->fe80:0:0:0:4558:74f:4c1d:7d37%20
	Card: Microsoft ISATAP Adapter #4
	Card: Microsoft ISATAP Adapter #5
		 ->fe80:0:0:0:0:5efe:c0a8:75%22
	Card: Microsoft ISATAP Adapter
	Card: Microsoft ISATAP Adapter #3
	Card: WAN Miniport (Network Monitor)-QoS Packet Scheduler-0000
	Card: WAN Miniport (IP)-QoS Packet Scheduler-0000
	Card: WAN Miniport (IPv6)-QoS Packet Scheduler-0000
	Card: VirtualBox Host-Only Ethernet Adapter-QoS Packet Scheduler-0000
	Card: VirtualBox Host-Only Ethernet Adapter-WFP LightWeight Filter-0000
	Card: Realtek PCIe GBE Family Controller - VirtualBox Bridged Networking Driver Miniport-QoS Packet Scheduler-0000
	Card: Realtek PCIe GBE Family Controller - VirtualBox Bridged Networking Driver Miniport-WFP LightWeight Filter-0000
	Card: TP-LINK Wireless USB Adapter-Virtual WiFi Filter Driver-0000
	Card: TP-LINK Wireless USB Adapter-Native WiFi Filter Driver-0000
	Card: TP-LINK Wireless USB Adapter - VirtualBox Bridged Networking Driver Miniport-QoS Packet Scheduler-0000
	Card: TP-LINK Wireless USB Adapter - VirtualBox Bridged Networking Driver Miniport-WFP LightWeight Filter-0000

14 Jan 2015 | 14:32:37,657 | INFO  | main | bootLogger |     | Session manager ready: com.smartfoxserver.bitswarm.sessions.DefaultSessionManager@3a54bfd8
14 Jan 2015 | 14:32:37,664 | INFO  | main | bootLogger |     | TCP Selector opened
14 Jan 2015 | 14:32:37,669 | INFO  | main | bootLogger |     | UDP Selector opened
14 Jan 2015 | 14:32:37,672 | INFO  | main | bootLogger |     | AcceptSelector opened
14 Jan 2015 | 14:32:37,675 | INFO  | main | bootLogger |     | Added bound tcp socket --> 127.0.0.1:9933
14 Jan 2015 | 14:32:37,679 | INFO  | main | bootLogger |     | Added bound udp socket --> 127.0.0.1:9933
14 Jan 2015 | 14:32:37,682 | INFO  | main | bootLogger |     | Controller started: com.smartfoxserver.v2.controllers.SystemController -- Queue: 0/20000
14 Jan 2015 | 14:32:37,683 | INFO  | main | bootLogger |     | Controller started: com.smartfoxserver.v2.controllers.SmasherController -- Queue: 0/1000
14 Jan 2015 | 14:32:37,714 | INFO  | main | bootLogger |     | Controller started: com.smartfoxserver.v2.controllers.ExtensionController -- Queue: 0/20000
14 Jan 2015 | 14:32:37,714 | INFO  | main | bootLogger |     | IOHandler: com.smartfoxserver.v2.protocol.SFSIoHandler@437bbcd6
14 Jan 2015 | 14:32:37,714 | INFO  | main | bootLogger |     | SocketReader started
14 Jan 2015 | 14:32:37,714 | INFO  | main | bootLogger |     | SocketAcceptor initialized
14 Jan 2015 | 14:32:37,715 | INFO  | main | bootLogger |     | Socket Writer started (pool size:3)
14 Jan 2015 | 14:32:37,715 | INFO  | main | bootLogger |     | DatagramReader started
14 Jan 2015 | 14:32:37,715 | INFO  | Scheduler1-thread-1 | bootLogger |     | Scheduler started: scheduler
14 Jan 2015 | 14:32:37,716 | INFO  | main | bootLogger |     | Security Manager started
14 Jan 2015 | 14:32:37,718 | INFO  | main | bootLogger |     | [[[ ===--- Boot sequence complete ---=== ]]]
14 Jan 2015 | 14:34:27,358 | INFO  | main | bootLogger |     | SmartFoxServer 2X
14 Jan 2015 | 14:34:27,360 | INFO  | main | bootLogger |     | BitSwarmEngine version: 3.11.0 { main }
14 Jan 2015 | 14:34:27,361 | INFO  | main | bootLogger |     | System Info:
	Processor(s): 8
	VM Max. memory: 1901MB
	os.name: Windows 7
	os.arch: amd64
	os.version: 6.1
	java.version: 1.7.0_21
	java.vendor: Oracle Corporation
	java.vendor.url: http://java.oracle.com/
	java.vm.specification.version: 1.7
	java.vm.version: 23.21-b01
	java.vm.vendor: Oracle Corporation
	java.vm.name: Java HotSpot(TM) 64-Bit Server VM
	java.io.tmpdir: C:\Users\ToanTran\AppData\Local\Temp\
	Default charset: UTF-8

14 Jan 2015 | 14:34:27,504 | INFO  | main | bootLogger |     | Network Info:
	Card: Software Loopback Interface 1
		 ->127.0.0.1
		 ->0:0:0:0:0:0:0:1
	Card: WAN Miniport (SSTP)
	Card: WAN Miniport (L2TP)
	Card: WAN Miniport (PPTP)
	Card: WAN Miniport (PPPOE)
	Card: WAN Miniport (IPv6)
	Card: WAN Miniport (Network Monitor)
	Card: WAN Miniport (IP)
	Card: RAS Async Adapter
	Card: WAN Miniport (IKEv2)
	Card: Realtek PCIe GBE Family Controller
		 ->fe80:0:0:0:e0c0:44b7:c52b:8187%11
	Card: TP-LINK Wireless USB Adapter
		 ->192.168.0.117
		 ->fe80:0:0:0:2c6d:f9ef:5c43:95af%12
	Card: Teredo Tunneling Pseudo-Interface
	Card: Teredo Tunneling Pseudo-Interface
		 ->fe80:0:0:0:e0:0:0:0%14
	Card: Microsoft ISATAP Adapter #2
	Card: VirtualBox Host-Only Ethernet Adapter
		 ->192.168.56.1
		 ->fe80:0:0:0:b1ad:9292:229d:bd85%16
	Card: Realtek PCIe GBE Family Controller - VirtualBox Bridged Networking Driver Miniport
	Card: TP-LINK Wireless USB Adapter - VirtualBox Bridged Networking Driver Miniport
	Card: VMware Virtual Ethernet Adapter for VMnet1
		 ->192.168.150.1
		 ->fe80:0:0:0:18:e171:8d1d:f00a%19
	Card: VMware Virtual Ethernet Adapter for VMnet8
		 ->192.168.62.1
		 ->fe80:0:0:0:4558:74f:4c1d:7d37%20
	Card: Microsoft ISATAP Adapter #4
	Card: Microsoft ISATAP Adapter #5
		 ->fe80:0:0:0:0:5efe:c0a8:75%22
	Card: Microsoft ISATAP Adapter
	Card: Microsoft ISATAP Adapter #3
	Card: WAN Miniport (Network Monitor)-QoS Packet Scheduler-0000
	Card: WAN Miniport (IP)-QoS Packet Scheduler-0000
	Card: WAN Miniport (IPv6)-QoS Packet Scheduler-0000
	Card: VirtualBox Host-Only Ethernet Adapter-QoS Packet Scheduler-0000
	Card: VirtualBox Host-Only Ethernet Adapter-WFP LightWeight Filter-0000
	Card: Realtek PCIe GBE Family Controller - VirtualBox Bridged Networking Driver Miniport-QoS Packet Scheduler-0000
	Card: Realtek PCIe GBE Family Controller - VirtualBox Bridged Networking Driver Miniport-WFP LightWeight Filter-0000
	Card: TP-LINK Wireless USB Adapter-Virtual WiFi Filter Driver-0000
	Card: TP-LINK Wireless USB Adapter-Native WiFi Filter Driver-0000
	Card: TP-LINK Wireless USB Adapter - VirtualBox Bridged Networking Driver Miniport-QoS Packet Scheduler-0000
	Card: TP-LINK Wireless USB Adapter - VirtualBox Bridged Networking Driver Miniport-WFP LightWeight Filter-0000

14 Jan 2015 | 14:34:27,508 | INFO  | main | bootLogger |     | Session manager ready: com.smartfoxserver.bitswarm.sessions.DefaultSessionManager@573a6f6d
14 Jan 2015 | 14:34:27,514 | INFO  | main | bootLogger |     | TCP Selector opened
14 Jan 2015 | 14:34:27,519 | INFO  | main | bootLogger |     | UDP Selector opened
14 Jan 2015 | 14:34:27,522 | INFO  | main | bootLogger |     | AcceptSelector opened
14 Jan 2015 | 14:34:27,524 | INFO  | main | bootLogger |     | Added bound tcp socket --> 127.0.0.1:9933
14 Jan 2015 | 14:34:27,526 | INFO  | main | bootLogger |     | Added bound udp socket --> 127.0.0.1:9933
14 Jan 2015 | 14:34:27,527 | INFO  | main | bootLogger |     | Controller started: com.smartfoxserver.v2.controllers.SystemController -- Queue: 0/20000
14 Jan 2015 | 14:34:27,528 | INFO  | main | bootLogger |     | Controller started: com.smartfoxserver.v2.controllers.SmasherController -- Queue: 0/1000
14 Jan 2015 | 14:34:27,528 | INFO  | main | bootLogger |     | Controller started: com.smartfoxserver.v2.controllers.ExtensionController -- Queue: 0/20000
14 Jan 2015 | 14:34:27,528 | INFO  | main | bootLogger |     | IOHandler: com.smartfoxserver.v2.protocol.SFSIoHandler@7c490620
14 Jan 2015 | 14:34:27,528 | INFO  | main | bootLogger |     | SocketReader started
14 Jan 2015 | 14:34:27,529 | INFO  | main | bootLogger |     | SocketAcceptor initialized
14 Jan 2015 | 14:34:27,529 | INFO  | main | bootLogger |     | Socket Writer started (pool size:3)
14 Jan 2015 | 14:34:27,529 | INFO  | main | bootLogger |     | DatagramReader started
14 Jan 2015 | 14:34:27,530 | INFO  | Scheduler1-thread-1 | bootLogger |     | Scheduler started: scheduler
14 Jan 2015 | 14:34:27,530 | INFO  | main | bootLogger |     | Security Manager started
14 Jan 2015 | 14:34:27,532 | INFO  | main | bootLogger |     | [[[ ===--- Boot sequence complete ---=== ]]]
